<?xml version="1.0" encoding="UTF-8"?>
<!-- Generated by org.testng.reporters.JUnitXMLReporter -->
<testsuite ignored="0" hostname="JAMESBOND007" failures="0" tests="3" name="Default test" time="0.475" errors="0" timestamp="2023-06-23T15:58:26 IST">
  <testcase classname="testNG.AnotationsEx" name="testMethod2" time="0.025"/>
  <testcase classname="testNG.AnotationsEx" name="testMethod1" time="0.004"/>
  <testcase classname="testNG.AnotationsEx" name="testMethod" time="0.008"/>
</testsuite> <!-- Default test -->
