<?xml version="1.0" encoding="UTF-8"?>
<!-- Generated by org.testng.reporters.JUnitXMLReporter -->
<testsuite ignored="0" hostname="JAMESBOND007" failures="1" tests="3" name="Test" time="0.077" errors="0" timestamp="2023-06-04T19:49:34 IST">
  <testcase classname="testNG.ListenersEx" name="test1" time="0.009"/>
  <testcase classname="testNG.ListenersEx" name="test2" time="0.005">
    <failure type="java.lang.AssertionError" message="expected [pavi] but found [siva]">
      <![CDATA[java.lang.AssertionError: expected [pavi] but found [siva]
at testNG.ListenersEx.test2(ListenersEx.java:19)
at java.base/java.util.ArrayList.forEach(ArrayList.java:1511)
... Removed 33 stack frames]]>
    </failure>
  </testcase> <!-- test2 -->
  <testcase classname="testNG.ListenersEx" name="test3" time="0.002">
    <skipped/>
  </testcase> <!-- test3 -->
</testsuite> <!-- Test -->
