<?xml version="1.0" encoding="UTF-8"?>
<testng-results ignored="0" total="3" passed="3" failed="0" skipped="0">
  <reporter-output>
  </reporter-output>
  <suite started-at="2023-06-23T15:58:25 IST" name="Default suite" finished-at="2023-06-23T15:58:26 IST" duration-ms="475">
    <groups>
    </groups>
    <test started-at="2023-06-23T15:58:25 IST" name="Default test" finished-at="2023-06-23T15:58:26 IST" duration-ms="475">
      <class name="testNG.AnotationsEx">
        <test-method is-config="true" signature="beforeTest()[pri:0, instance:testNG.AnotationsEx@2805d709]" started-at="2023-06-23T15:58:25 IST" name="beforeTest" finished-at="2023-06-23T15:58:25 IST" duration-ms="100" status="PASS">
          <reporter-output>
          </reporter-output>
        </test-method> <!-- beforeTest -->
        <test-method is-config="true" signature="beforeClass()[pri:0, instance:testNG.AnotationsEx@2805d709]" started-at="2023-06-23T15:58:25 IST" name="beforeClass" finished-at="2023-06-23T15:58:25 IST" duration-ms="2" status="PASS">
          <reporter-output>
          </reporter-output>
        </test-method> <!-- beforeClass -->
        <test-method is-config="true" signature="beforeMethod()[pri:0, instance:testNG.AnotationsEx@2805d709]" started-at="2023-06-23T15:58:26 IST" name="beforeMethod" finished-at="2023-06-23T15:58:26 IST" duration-ms="1" status="PASS">
          <reporter-output>
          </reporter-output>
        </test-method> <!-- beforeMethod -->
        <test-method signature="testMethod2()[pri:-1, instance:testNG.AnotationsEx@2805d709]" started-at="2023-06-23T15:58:26 IST" name="testMethod2" finished-at="2023-06-23T15:58:26 IST" duration-ms="25" status="PASS">
          <reporter-output>
          </reporter-output>
        </test-method> <!-- testMethod2 -->
        <test-method is-config="true" signature="afterMethod()[pri:0, instance:testNG.AnotationsEx@2805d709]" started-at="2023-06-23T15:58:26 IST" name="afterMethod" finished-at="2023-06-23T15:58:26 IST" duration-ms="1" status="PASS">
          <reporter-output>
          </reporter-output>
        </test-method> <!-- afterMethod -->
        <test-method is-config="true" signature="beforeMethod()[pri:0, instance:testNG.AnotationsEx@2805d709]" started-at="2023-06-23T15:58:26 IST" name="beforeMethod" finished-at="2023-06-23T15:58:26 IST" duration-ms="0" status="PASS">
          <reporter-output>
          </reporter-output>
        </test-method> <!-- beforeMethod -->
        <test-method signature="testMethod1()[pri:0, instance:testNG.AnotationsEx@2805d709]" started-at="2023-06-23T15:58:26 IST" name="testMethod1" finished-at="2023-06-23T15:58:26 IST" duration-ms="4" status="PASS">
          <reporter-output>
          </reporter-output>
        </test-method> <!-- testMethod1 -->
        <test-method is-config="true" signature="afterMethod()[pri:0, instance:testNG.AnotationsEx@2805d709]" started-at="2023-06-23T15:58:26 IST" name="afterMethod" finished-at="2023-06-23T15:58:26 IST" duration-ms="1" status="PASS">
          <reporter-output>
          </reporter-output>
        </test-method> <!-- afterMethod -->
        <test-method signature="testMethod()[pri:1, instance:testNG.AnotationsEx@2805d709]" started-at="2023-06-23T15:58:26 IST" name="testMethod" finished-at="2023-06-23T15:58:26 IST" duration-ms="8" status="PASS">
          <reporter-output>
          </reporter-output>
        </test-method> <!-- testMethod -->
        <test-method is-config="true" signature="beforeMethod()[pri:0, instance:testNG.AnotationsEx@2805d709]" started-at="2023-06-23T15:58:26 IST" name="beforeMethod" finished-at="2023-06-23T15:58:26 IST" duration-ms="0" status="PASS">
          <reporter-output>
          </reporter-output>
        </test-method> <!-- beforeMethod -->
        <test-method is-config="true" signature="afterMethod()[pri:0, instance:testNG.AnotationsEx@2805d709]" started-at="2023-06-23T15:58:26 IST" name="afterMethod" finished-at="2023-06-23T15:58:26 IST" duration-ms="5" status="PASS">
          <reporter-output>
          </reporter-output>
        </test-method> <!-- afterMethod -->
        <test-method is-config="true" signature="afterClass()[pri:0, instance:testNG.AnotationsEx@2805d709]" started-at="2023-06-23T15:58:26 IST" name="afterClass" finished-at="2023-06-23T15:58:26 IST" duration-ms="4" status="PASS">
          <reporter-output>
          </reporter-output>
        </test-method> <!-- afterClass -->
        <test-method is-config="true" signature="afterTest()[pri:0, instance:testNG.AnotationsEx@2805d709]" started-at="2023-06-23T15:58:26 IST" name="afterTest" finished-at="2023-06-23T15:58:26 IST" duration-ms="1" status="PASS">
          <reporter-output>
          </reporter-output>
        </test-method> <!-- afterTest -->
      </class> <!-- testNG.AnotationsEx -->
    </test> <!-- Default test -->
  </suite> <!-- Default suite -->
</testng-results>
